<?xml version="1.0" encoding="UTF-8"?>
<!-- Generated by org.testng.reporters.JUnitXMLReporter -->
<testsuite ignored="0" hostname="DESKTOP-DGVQ9K6" failures="0" tests="4" name="Test" time="112.586" errors="0" timestamp="2024-06-27T07:02:50 GMT-07:00">
  <testcase classname="seleniumframeworkdesign.TestCase.Standalonetest" name="logIn" time="27.686"/>
  <testcase classname="seleniumframeworkdesign.TestCase.Standalonetest" name="logIn" time="19.039"/>
  <testcase classname="seleniumframeworkdesign.TestCase.Standalonetest" name="submitForm" time="33.319"/>
  <testcase classname="seleniumframeworkdesign.TestCase.Standalonetest" name="submitForm" time="31.942"/>
</testsuite> <!-- Test -->
